<?xml version="1.0" encoding="UTF-8"?>
<!-- Generated by org.testng.reporters.JUnitXMLReporter -->
<testsuite ignored="0" hostname="Madhanu" failures="0" tests="7" name="Test" time="28.411" errors="0" timestamp="2023-09-06T19:48:19 IST">
  <testcase classname="com.simplilearn.TestingMedicareWebApplication.Testcases$testcase005" name="about" time="8.299"/>
  <testcase classname="com.simplilearn.TestingMedicareWebApplication.Testcases$testcase004" name="contact" time="9.484"/>
  <testcase classname="com.simplilearn.TestingMedicareWebApplication.Testcases$testcase003" name="home" time="10.796"/>
  <testcase classname="com.simplilearn.TestingMedicareWebApplication.Testcases$testcase002" name="login" time="15.126"/>
  <testcase classname="com.simplilearn.TestingMedicareWebApplication.Testcases$testcase001" name="singup" time="18.187"/>
  <testcase classname="com.simplilearn.TestingMedicareWebApplication.Testcases$testcase006" name="product" time="12.038"/>
  <testcase classname="com.simplilearn.TestingMedicareWebApplication.Testcases$testcase007" name="cart" time="18.85"/>
</testsuite> <!-- Test -->
