<?xml version="1.0" encoding="UTF-8"?>
<!-- Generated by org.testng.reporters.JUnitXMLReporter -->
<testsuite ignored="0" hostname="DESKTOP-2BSC6FJ" failures="0" tests="7" name="Test" time="60.976" errors="0" timestamp="2023-09-05T00:45:16 IST">
  <testcase classname="com.simplilearn.TestingMedicareWebApplication.Testcases$testcase004" name="contact" time="34.283"/>
  <testcase classname="com.simplilearn.TestingMedicareWebApplication.Testcases$testcase003" name="home" time="34.284"/>
  <testcase classname="com.simplilearn.TestingMedicareWebApplication.Testcases$testcase002" name="login" time="37.562"/>
  <testcase classname="com.simplilearn.TestingMedicareWebApplication.Testcases$testcase005" name="about" time="43.551"/>
  <testcase classname="com.simplilearn.TestingMedicareWebApplication.Testcases$testcase001" name="singup" time="44.825"/>
  <testcase classname="com.simplilearn.TestingMedicareWebApplication.Testcases$testcase006" name="product" time="16.845"/>
  <testcase classname="com.simplilearn.TestingMedicareWebApplication.Testcases$testcase007" name="cart" time="26.551"/>
</testsuite> <!-- Test -->
